2025-09-26 14:28:12 |INF| app > Seanime 2.9.9-Natsu
2025-09-26 14:28:12 |INF| app > OS: linux
2025-09-26 14:28:12 |INF| app > Arch: amd64
2025-09-26 14:28:12 |INF| app > Processor count: 16
2025-09-26 14:28:12 |DBG| app > Initializing config
2025-09-26 14:28:12 |INF| app > Data directory: /home/stevica/.config/Seanime
2025-09-26 14:28:12 |INF| app > Working directory: /home/stevica
2025-09-26 14:28:12 |INF| app > Deleted 2 log files older than 14 days
2025-09-26 14:28:12 |INF| db > Database instantiated name=seanime.db
2025-09-26 14:28:12 |DBG| db > Local files retrieved
2025-09-26 14:28:12 |DBG| extensions > Loaded built-in manga provider extension id=comick
2025-09-26 14:28:12 |DBG| extensions > Loaded built-in extension id=comick
2025-09-26 14:28:12 |TRC| ws > Sending message type=extensions-reloaded
2025-09-26 14:28:12 |DBG| extensions > Loaded built-in manga provider extension id=comick-multi
2025-09-26 14:28:12 |DBG| extensions > Loaded built-in extension id=comick-multi
2025-09-26 14:28:12 |TRC| ws > Sending message type=extensions-reloaded
2025-09-26 14:28:12 |DBG| extensions > Loaded built-in manga provider extension id=mangapill
2025-09-26 14:28:12 |DBG| extensions > Loaded built-in extension id=mangapill
2025-09-26 14:28:12 |TRC| ws > Sending message type=extensions-reloaded
2025-09-26 14:28:12 |DBG| extensions > Loaded built-in manga provider extension id=weebcentral
2025-09-26 14:28:12 |DBG| extensions > Loaded built-in extension id=weebcentral
2025-09-26 14:28:12 |TRC| ws > Sending message type=extensions-reloaded
2025-09-26 14:28:12 |DBG| extensions > Loaded built-in manga provider extension id=mangadex
2025-09-26 14:28:12 |DBG| extensions > Loaded built-in extension id=mangadex
2025-09-26 14:28:12 |TRC| ws > Sending message type=extensions-reloaded
2025-09-26 14:28:12 |DBG| extensions > Loaded built-in manga provider extension id=local-manga
2025-09-26 14:28:12 |DBG| extensions > Loaded built-in extension id=local-manga
2025-09-26 14:28:12 |TRC| ws > Sending message type=extensions-reloaded
2025-09-26 14:28:12 |INF| local platform > Database instantiated name=local.db
2025-09-26 14:28:12 |INF| continuity > Initialized manager
2025-09-26 14:28:12 |DBG| manga downloader > Reading download directory
2025-09-26 14:28:12 |DBG| app > Refreshing modules
2025-09-26 14:28:12 |TRC| ws > Sending message type=refreshed-manga-download-data
2025-09-26 14:28:12 |TRC| torrent repo > Setting settings
2025-09-26 14:28:12 |DBG| nakama > Settings updated isHost=false remoteURL= username=Peer_pehxpvvj
2025-09-26 14:28:12 |ERR| app > Failed to login to qBittorrent error="Post \"http://127.0.0.1:8081/api/v2/auth/login\": dial tcp 127.0.0.1:8081: connect: connection refused"
2025-09-26 14:28:12 |INF| watcher > Watching directories: [anime]
2025-09-26 14:28:12 |INF| watcher > Library size: 0 B
2025-09-26 14:28:12 |INF| app > Refreshed modules
2025-09-26 14:28:12 |DBG| manga > Initialized provider extension bank
2025-09-26 14:28:12 |DBG| onlinestream > Initialized provider extension bank
2025-09-26 14:28:12 |DBG| torrent repo > Initialized anime provider extension bank
2025-09-26 14:28:12 |DBG| app > Fetching Anilist data
2025-09-26 14:28:12 |INF| app > Authenticated to AniList
2025-09-26 14:28:12 |INF| app > Fetched Anilist data
2025-09-26 14:28:12 |DBG| anilist > Fetching anime collection
2025-09-26 14:28:12 |TRC| goja runtime > Pre-warming pool size=5
2025-09-26 14:28:12 |INF| mediastream > Module initialized
2025-09-26 14:28:12 |INF| torrentstream > Initialized torrent client on port 43213
2025-09-26 14:28:12 |TRC| torrentstream > Dropping all torrents
2025-09-26 14:28:12 |DBG| torrentstream > Dropped all torrents
2025-09-26 14:28:12 |INF| torrentstream > Module initialized
2025-09-26 14:28:12 |INF| app > Serving embedded web interface
2025-09-26 14:28:12 |INF| app > Web assets path: /home/stevica/.config/Seanime/assets
2025-09-26 14:28:12 |INF| app > Manga downloads path: /home/stevica/.config/Seanime/manga
2025-09-26 14:28:12 |INF| app > Offline assets path: /home/stevica/.config/Seanime/offline/assets
2025-09-26 14:28:12 |DBG| extensions > Loaded built-in onlinestream provider extension id=animepahe
2025-09-26 14:28:12 |DBG| extensions > Loaded built-in extension id=animepahe
2025-09-26 14:28:12 |TRC| ws > Sending message type=extensions-reloaded
2025-09-26 14:28:12 |DBG| extensions > Loaded built-in anime torrent provider extension id=nyaa
2025-09-26 14:28:12 |DBG| extensions > Loaded built-in extension id=nyaa
2025-09-26 14:28:12 |TRC| ws > Sending message type=extensions-reloaded
2025-09-26 14:28:12 |DBG| extensions > Loaded built-in anime torrent provider extension id=nyaa-non-eng
2025-09-26 14:28:12 |DBG| extensions > Loaded built-in extension id=nyaa-non-eng
2025-09-26 14:28:12 |TRC| ws > Sending message type=extensions-reloaded
2025-09-26 14:28:12 |DBG| extensions > Loaded built-in anime torrent provider extension id=nyaa-sukebei
2025-09-26 14:28:12 |DBG| extensions > Loaded built-in extension id=nyaa-sukebei
2025-09-26 14:28:12 |TRC| ws > Sending message type=extensions-reloaded
2025-09-26 14:28:12 |DBG| extensions > Loaded built-in anime torrent provider extension id=animetosho
2025-09-26 14:28:12 |DBG| extensions > Loaded built-in extension id=animetosho
2025-09-26 14:28:12 |TRC| ws > Sending message type=extensions-reloaded
2025-09-26 14:28:12 |DBG| extensions > Loaded built-in anime torrent provider extension id=seadex
2025-09-26 14:28:12 |DBG| extensions > Loaded built-in extension id=seadex
2025-09-26 14:28:12 |TRC| ws > Sending message type=extensions-reloaded
2025-09-26 14:28:12 |INF| app > Server Address: 127.0.0.1:43211
2025-09-26 14:28:12 |TRC| extensions > Loading external extensions
2025-09-26 14:28:12 |TRC| extensions > Interrupting Goja VMs
2025-09-26 14:28:12 |DBG| extensions > Killed Goja VMs count=0
2025-09-26 14:28:12 |TRC| extensions > Unloading external extensions
2025-09-26 14:28:12 |DBG| extensions > Unloaded external extensions count=0
2025-09-26 14:28:12 |DBG| extensions > Loaded external extensions
2025-09-26 14:28:12 |TRC| ws > Sending message type=extensions-reloaded
2025-09-26 14:28:12 |TRC| extensions > Checking for updates
2025-09-26 14:28:12 |DBG| extensions > Retrieved update info haveUpdates=0
2025-09-26 14:28:12 |INF| app > Seanime started at http://127.0.0.1:43211
2025-09-26 14:28:12 |TRC| ws > Sending message type=check-for-announcements
2025-09-26 14:28:13 |DBG| animetosho > Loaded Sneedex Nyaa IDs count=1460
2025-09-26 14:28:13 |INF| anilist > Successful Request rlr=29 rtt=427ms
2025-09-26 14:28:13 |TRC| ws > Sending message type=refreshed-anilist-anime-collection
2025-09-26 14:28:13 |TRC| ws > Sending message type=refreshed-anilist-manga-collection
2025-09-26 14:28:13 |TRC| ws > Sending message type=server-ready
2025-09-26 14:28:13 |DBG| anilist > Fetching manga collection
2025-09-26 14:28:13 |INF| anilist > Successful Request rlr=28 rtt=203ms
2025-09-26 14:28:26 |DBG| ws > Client connected id=98692981-f304-4c60-b494-93f7ff1b7fbf
2025-09-26 14:28:26 |TRC| method=GET status=200 uri=/api/v1/status latency_human=2.000332ms
2025-09-26 14:28:26 |TRC| method=GET status=200 uri=/api/v1/extensions/list latency_human="710.847µs"
2025-09-26 14:28:26 |TRC| method=GET status=200 uri=/api/v1/extensions/list/development latency_human="107.207µs"
2025-09-26 14:28:26 |TRC| method=GET status=200 uri=/api/v1/extensions/plugin-settings latency_human=1.014658ms
2025-09-26 14:28:26 |TRC| method=GET status=200 uri=/api/v1/extensions/updates latency_human="95.124µs"
2025-09-26 14:28:26 |TRC| method=GET status=200 uri=/api/v1/continuity/history latency_human=1.160767ms
2025-09-26 14:28:26 |TRC| method=GET status=200 uri=/api/v1/anilist/collection latency_human="660.701µs"
2025-09-26 14:28:26 |TRC| method=GET status=200 uri=/api/v1/library/collection latency_human=2.703846ms
2025-09-26 14:28:26 |TRC| method=GET status=200 uri=/api/v1/library/missing-episodes latency_human=1.50292ms
2025-09-26 14:28:26 |TRC| method=GET status=200 uri=/api/v1/auto-downloader/items latency_human="435.253µs"
2025-09-26 14:28:26 |TRC| method=POST status=200 uri=/api/v1/announcements latency_human=1.30457ms
2025-09-26 14:28:26 |TRC| method=GET status=200 uri=/api/v1/manga/collection latency_human=1.068785ms
2025-09-26 14:28:26 |TRC| method=GET status=200 uri=/api/v1/continuity/history latency_human="777.965µs"
2025-09-26 14:28:26 |TRC| method=GET status=200 uri=/api/v1/latest-update latency_human=340.864596ms
2025-09-26 14:28:26 |TRC| anilist > Successful Request rlr=27 rtt=442ms
2025-09-26 14:28:26 |TRC| method=POST status=200 uri=/api/v1/anilist/list-anime latency_human=444.26249ms
2025-09-26 14:28:39 |TRC| anilist > Successful Request rlr=26 rtt=328ms
2025-09-26 14:28:39 |TRC| method=POST status=200 uri=/api/v1/anilist/list-anime latency_human=329.028097ms
2025-09-26 14:28:40 |TRC| anilist > Successful Request rlr=25 rtt=365ms
2025-09-26 14:28:40 |TRC| method=POST status=200 uri=/api/v1/anilist/list-anime latency_human=366.148746ms
2025-09-26 14:28:42 |TRC| anilist platform > Fetching anime details
2025-09-26 14:28:42 |DBG| anilist > Fetching anime details mediaId=185660
2025-09-26 14:28:43 |TRC| method=GET status=200 uri=/api/v1/library/anime-entry/185660 latency_human=198.755588ms
2025-09-26 14:28:43 |INF| anilist > Successful Request rlr=24 rtt=399ms
2025-09-26 14:28:43 |TRC| method=GET status=200 uri=/api/v1/anilist/media-details/185660 latency_human=400.227802ms
2025-09-26 14:28:43 |TRC| method=GET status=200 uri=/api/v1/continuity/history latency_human="604.828µs"
2025-09-26 14:28:45 |TRC| anilist platform > Fetching anime with relations
2025-09-26 14:28:45 |DBG| anilist > Fetching complete media mediaId=185660
2025-09-26 14:28:45 |INF| anilist > Successful Request rlr=23 rtt=225ms
2025-09-26 14:28:45 |TRC| method=GET status=200 uri=/api/v1/anime/episode-collection/185660 latency_human=230.893882ms
2025-09-26 14:28:46 |TRC| method=GET status=200 uri=/api/v1/continuity/history latency_human=1.108455ms
2025-09-26 14:28:56 |DBG| ws > Client disconnection id=98692981-f304-4c60-b494-93f7ff1b7fbf
2025-09-26 14:28:58 |TRC| Received signal > interrupt
